0 info it worked if it ends with ok
1 verbose cli [ '/usr/local/bin/node', '/usr/local/bin/npm', 'run', 'start-db' ]
2 info using npm@3.10.8
3 info using node@v6.4.0
4 verbose run-script [ 'prestart-db', 'start-db', 'poststart-db' ]
5 info lifecycle muxi-resume@0.0.1~prestart-db: muxi-resume@0.0.1
6 silly lifecycle muxi-resume@0.0.1~prestart-db: no script for prestart-db, continuing
7 info lifecycle muxi-resume@0.0.1~start-db: muxi-resume@0.0.1
8 verbose lifecycle muxi-resume@0.0.1~start-db: unsafe-perm in lifecycle true
9 verbose lifecycle muxi-resume@0.0.1~start-db: PATH: /usr/local/lib/node_modules/.npm_npminstall/node_modules/.3.10.8@npm/bin/node-gyp-bin:/Users/stephenliu/Desktop/MuxiResume/node_modules/.bin:/usr/local/bin:/usr/bin:/bin:/usr/sbin:/sbin:/Users/StephenLiu/.cargo/bin:/usr/local/bin:/usr/bin:/bin:/usr/sbin:/sbin:/opt/X11/bin:/Library/Frameworks/Mono.framework/Versions/Current/Commands:/Library/TeX/texbin:/Users/StephenLiu/.cargo/bin
10 verbose lifecycle muxi-resume@0.0.1~start-db: CWD: /Users/stephenliu/Desktop/MuxiResume
11 silly lifecycle muxi-resume@0.0.1~start-db: Args: [ '-c',
11 silly lifecycle   'mongod --fork --dbpath ./db/data --logpath ./db/logs/mongodb.log' ]
12 silly lifecycle muxi-resume@0.0.1~start-db: Returned: code: 100  signal: null
13 info lifecycle muxi-resume@0.0.1~start-db: Failed to exec start-db script
14 verbose stack Error: muxi-resume@0.0.1 start-db: `mongod --fork --dbpath ./db/data --logpath ./db/logs/mongodb.log`
14 verbose stack Exit status 100
14 verbose stack     at EventEmitter.<anonymous> (/usr/local/lib/node_modules/.npm_npminstall/node_modules/.3.10.8@npm/lib/utils/lifecycle.js:255:16)
14 verbose stack     at emitTwo (events.js:106:13)
14 verbose stack     at EventEmitter.emit (events.js:191:7)
14 verbose stack     at ChildProcess.<anonymous> (/usr/local/lib/node_modules/.npm_npminstall/node_modules/.3.10.8@npm/lib/utils/spawn.js:40:14)
14 verbose stack     at emitTwo (events.js:106:13)
14 verbose stack     at ChildProcess.emit (events.js:191:7)
14 verbose stack     at maybeClose (internal/child_process.js:852:16)
14 verbose stack     at Process.ChildProcess._handle.onexit (internal/child_process.js:215:5)
15 verbose pkgid muxi-resume@0.0.1
16 verbose cwd /Users/stephenliu/Desktop/MuxiResume
17 error Darwin 16.0.0
18 error argv "/usr/local/bin/node" "/usr/local/bin/npm" "run" "start-db"
19 error node v6.4.0
20 error npm  v3.10.8
21 error code ELIFECYCLE
22 error muxi-resume@0.0.1 start-db: `mongod --fork --dbpath ./db/data --logpath ./db/logs/mongodb.log`
22 error Exit status 100
23 error Failed at the muxi-resume@0.0.1 start-db script 'mongod --fork --dbpath ./db/data --logpath ./db/logs/mongodb.log'.
23 error Make sure you have the latest version of node.js and npm installed.
23 error If you do, this is most likely a problem with the muxi-resume package,
23 error not with npm itself.
23 error Tell the author that this fails on your system:
23 error     mongod --fork --dbpath ./db/data --logpath ./db/logs/mongodb.log
23 error You can get information on how to open an issue for this project with:
23 error     npm bugs muxi-resume
23 error Or if that isn't available, you can get their info via:
23 error     npm owner ls muxi-resume
23 error There is likely additional logging output above.
24 verbose exit [ 1, true ]
